<?xml version="1.0" encoding="UTF-8"?>
<testng-results skipped="0" failed="0" ignored="0" total="4" passed="4">
  <reporter-output>
  </reporter-output>
  <suite name="Default suite" duration-ms="22439" started-at="2022-06-13T06:59:55Z" finished-at="2022-06-13T07:00:18Z">
    <groups>
    </groups>
    <test name="Default test" duration-ms="22439" started-at="2022-06-13T06:59:55Z" finished-at="2022-06-13T07:00:18Z">
      <class name="maven_Projects_Pratices.RegisterDemoworkShopUsingMultiDrivenTest">
        <test-method status="PASS" signature="TestCase(java.lang.String, java.lang.String, java.lang.String, java.lang.String, java.lang.String, java.lang.String)[pri:0, instance:maven_Projects_Pratices.RegisterDemoworkShopUsingMultiDrivenTest@c038203]" name="TestCase" duration-ms="6309" started-at="2022-06-13T12:29:56Z" data-provider="TestData" finished-at="2022-06-13T12:30:02Z">
          <params>
            <param index="0">
              <value>
                <![CDATA[yuvarajaa]]>
              </value>
            </param>
            <param index="1">
              <value>
                <![CDATA[kuruba]]>
              </value>
            </param>
            <param index="2">
              <value>
                <![CDATA[yuvarajaa12@gmail.com]]>
              </value>
            </param>
            <param index="3">
              <value>
                <![CDATA[yuvaraj@1777]]>
              </value>
            </param>
            <param index="4">
              <value>
                <![CDATA[yuvaraj@1777]]>
              </value>
            </param>
            <param index="5">
              <value>
                <![CDATA[M]]>
              </value>
            </param>
          </params>
          <reporter-output>
          </reporter-output>
        </test-method> <!-- TestCase -->
        <test-method status="PASS" signature="TestCase(java.lang.String, java.lang.String, java.lang.String, java.lang.String, java.lang.String, java.lang.String)[pri:0, instance:maven_Projects_Pratices.RegisterDemoworkShopUsingMultiDrivenTest@c038203]" name="TestCase" duration-ms="5330" started-at="2022-06-13T12:30:02Z" data-provider="TestData" finished-at="2022-06-13T12:30:08Z">
          <params>
            <param index="0">
              <value>
                <![CDATA[manoj]]>
              </value>
            </param>
            <param index="1">
              <value>
                <![CDATA[shetty]]>
              </value>
            </param>
            <param index="2">
              <value>
                <![CDATA[manojshetty12@gmail.com]]>
              </value>
            </param>
            <param index="3">
              <value>
                <![CDATA[manoj@17]]>
              </value>
            </param>
            <param index="4">
              <value>
                <![CDATA[manoj@17]]>
              </value>
            </param>
            <param index="5">
              <value>
                <![CDATA[M]]>
              </value>
            </param>
          </params>
          <reporter-output>
          </reporter-output>
        </test-method> <!-- TestCase -->
        <test-method status="PASS" signature="TestCase(java.lang.String, java.lang.String, java.lang.String, java.lang.String, java.lang.String, java.lang.String)[pri:0, instance:maven_Projects_Pratices.RegisterDemoworkShopUsingMultiDrivenTest@c038203]" name="TestCase" duration-ms="5092" started-at="2022-06-13T12:30:08Z" data-provider="TestData" finished-at="2022-06-13T12:30:13Z">
          <params>
            <param index="0">
              <value>
                <![CDATA[subhash]]>
              </value>
            </param>
            <param index="1">
              <value>
                <![CDATA[chandra]]>
              </value>
            </param>
            <param index="2">
              <value>
                <![CDATA[subhash12@gmail.com]]>
              </value>
            </param>
            <param index="3">
              <value>
                <![CDATA[subhash@17]]>
              </value>
            </param>
            <param index="4">
              <value>
                <![CDATA[subhash@17]]>
              </value>
            </param>
            <param index="5">
              <value>
                <![CDATA[M]]>
              </value>
            </param>
          </params>
          <reporter-output>
          </reporter-output>
        </test-method> <!-- TestCase -->
        <test-method status="PASS" signature="TestCase(java.lang.String, java.lang.String, java.lang.String, java.lang.String, java.lang.String, java.lang.String)[pri:0, instance:maven_Projects_Pratices.RegisterDemoworkShopUsingMultiDrivenTest@c038203]" name="TestCase" duration-ms="4964" started-at="2022-06-13T12:30:13Z" data-provider="TestData" finished-at="2022-06-13T12:30:18Z">
          <params>
            <param index="0">
              <value>
                <![CDATA[monish]]>
              </value>
            </param>
            <param index="1">
              <value>
                <![CDATA[sm]]>
              </value>
            </param>
            <param index="2">
              <value>
                <![CDATA[monish12@gmail.com]]>
              </value>
            </param>
            <param index="3">
              <value>
                <![CDATA[monish@12]]>
              </value>
            </param>
            <param index="4">
              <value>
                <![CDATA[monish@12]]>
              </value>
            </param>
            <param index="5">
              <value>
                <![CDATA[F]]>
              </value>
            </param>
          </params>
          <reporter-output>
          </reporter-output>
        </test-method> <!-- TestCase -->
      </class> <!-- maven_Projects_Pratices.RegisterDemoworkShopUsingMultiDrivenTest -->
    </test> <!-- Default test -->
  </suite> <!-- Default suite -->
</testng-results>
